2026-06-30 17:40:01.027 [INF] NCT-Sim 应用程序启动
2026-06-30 17:40:03.189 [INF] 数据库初始化完成
2026-06-30 17:40:04.221 [INF] 已注册中文字体: FangSong, SimHei, KaiTi, SimSun-ExtB, SimSun-ExtG, STFangsong, STKaiti, STSong, FZCuHeiSongS-B-GB
2026-06-30 17:40:04.429 [INF] AppSession 初始化完成
2026-06-30 17:42:08.630 [INF] NCT-Sim 应用程序启动
2026-06-30 17:42:08.728 [INF] 数据库初始化完成
2026-06-30 17:42:08.807 [INF] 已注册中文字体: FangSong, SimHei, KaiTi, SimSun-ExtB, SimSun-ExtG, STFangsong, STKaiti, STSong, FZCuHeiSongS-B-GB
2026-06-30 17:42:08.810 [INF] AppSession 初始化完成
2026-06-30 17:42:29.360 [INF] 用户登录成功：admin (admin)
2026-06-30 17:42:29.617 [INF] DaqWorker 已启动
2026-06-30 17:42:29.617 [INF] 主窗体初始化完成，操作员：admin
2026-06-30 17:42:36.395 [INF] 新建试验记录：20260630-001/20260630-174234
2026-06-30 17:42:39.472 [INF] 状态切换：Idle → Preparing
2026-06-30 17:43:19.110 [INF] DaqWorker 已停止
2026-06-30 17:43:19.111 [INF] DaqWorker 已停止
2026-06-30 17:43:19.177 [INF] NCT-Sim 应用程序关闭
2026-06-30 17:44:39.161 [INF] NCT-Sim 应用程序启动
2026-06-30 17:44:39.258 [INF] 数据库初始化完成
2026-06-30 17:44:39.328 [INF] 已注册中文字体: FangSong, SimHei, KaiTi, SimSun-ExtB, SimSun-ExtG, STFangsong, STKaiti, STSong, FZCuHeiSongS-B-GB
2026-06-30 17:44:39.331 [INF] AppSession 初始化完成
2026-06-30 17:45:50.253 [INF] NCT-Sim 应用程序启动
2026-06-30 17:45:50.353 [INF] 数据库初始化完成
2026-06-30 17:45:50.421 [INF] 已注册中文字体: FangSong, SimHei, KaiTi, SimSun-ExtB, SimSun-ExtG, STFangsong, STKaiti, STSong, FZCuHeiSongS-B-GB
2026-06-30 17:45:50.423 [INF] AppSession 初始化完成
2026-06-30 17:46:06.519 [INF] 用户登录成功：admin (admin)
2026-06-30 17:46:06.634 [FTL] 应用程序未处理的异常
System.InvalidOperationException: SplitterDistance 必须在 Panel1MinSize 和 Width - Panel2MinSize 之间。
   at System.Windows.Forms.SplitContainer.set_SplitterDistance(Int32 value)
   at NctSim.Forms.MainForm.BuildTestControlTab(TabPage tab) in D:\java_workspace\技能实训\源代码\NctSim\Forms\MainForm.cs:line 320
   at NctSim.Forms.MainForm.InitializeComponent() in D:\java_workspace\技能实训\源代码\NctSim\Forms\MainForm.cs:line 107
   at NctSim.Forms.MainForm..ctor() in D:\java_workspace\技能实训\源代码\NctSim\Forms\MainForm.cs:line 71
   at NctSim.Program.Main() in D:\java_workspace\技能实训\源代码\NctSim\Program.cs:line 32
2026-06-30 17:46:09.583 [INF] NCT-Sim 应用程序关闭
