2026-06-29 19:24:34.887 [INF] NCT-Sim 应用程序启动
2026-06-29 19:24:34.996 [INF] 数据库初始化完成
2026-06-29 19:24:35.201 [INF] 已注册中文字体: FangSong, SimHei, KaiTi, SimSun-ExtB, SimSun-ExtG, STFangsong, STKaiti, STSong, FZCuHeiSongS-B-GB
2026-06-29 19:24:35.203 [INF] AppSession 初始化完成
2026-06-29 19:24:47.104 [INF] 用户登录成功：admin (admin)
2026-06-29 19:24:47.197 [INF] DaqWorker 已启动
2026-06-29 19:24:47.197 [INF] 主窗体初始化完成，操作员：admin
2026-06-29 19:24:50.209 [INF] 新建试验记录：20260629-001/20260629-192448
2026-06-29 19:24:53.036 [INF] 状态切换：Idle → Preparing
2026-06-29 19:27:22.029 [INF] 状态切换：Preparing → Ready（温度已稳定）
2026-06-29 19:27:39.718 [INF] 状态切换：Ready → Recording
2026-06-29 19:27:39.729 [INF] CSV 文件初始化：D:\ISO11820\TestData\20260629-001\20260629-192448\sensor_data.csv
2026-06-29 19:27:39.729 [INF] 开始记录试验：20260629-001/20260629-192448, 时长=3600s
2026-06-29 19:29:17.450 [INF] 状态切换：Recording → Complete
2026-06-29 19:29:17.451 [INF] 试验记录已结束
2026-06-29 19:29:20.059 [INF] 更新试验结果：20260629-001/20260629-192448, 失重率=0%, 温升=199.80159632482153°C
2026-06-29 19:29:20.210 [INF] Excel 报告已生成：D:\ISO11820\Reports\20260629-192448_报告.xlsx
2026-06-29 19:29:20.290 [INF] PDF 报告已生成：D:\ISO11820\Reports\20260629-192448_报告.pdf
2026-06-29 19:29:21.775 [INF] 试验记录已保存，状态回到 Preparing
2026-06-29 19:29:22.091 [INF] 状态切换：Preparing → Ready（温度已稳定）
2026-06-29 19:29:22.610 [INF] Excel 报告已生成：D:\ISO11820\Reports\20260629-192448_报告.xlsx
2026-06-29 19:29:24.647 [INF] PDF 报告已生成：D:\ISO11820\Reports\20260629-192448_报告.pdf
2026-06-29 19:29:54.505 [INF] DaqWorker 已停止
2026-06-29 19:29:54.505 [INF] DaqWorker 已停止
2026-06-29 19:29:54.577 [INF] NCT-Sim 应用程序关闭
